Added Component: Designator=U?(INF-PG-SC59_M)
Add component. Clean all parameters for all variants
Add component (AddParameter): Name = "Bhyst (25degreesC) max"; Value = "0.8 mT"; VariantName = "[No Variations]"
Add component (AddParameter): Name = "Bop (25degreesC) min"; Value = "3.5 mT"; VariantName = "[No Variations]"
Add component (AddParameter): Name = "Brp (25degreesC) typ"; Value = "2.7 mT"; VariantName = "[No Variations]"
Add component (AddParameter): Name = "Chopped Hall Technology"; Value = "TRUE"; VariantName = "[No Variations]"
Add component (AddParameter): Name = "ComponentLink1Description"; Value = "Manufacturer URL"; VariantName = "[No Variations]"
Add component (AddParameter): Name = "ComponentLink1URL"; Value = "http://www.infineon.com/"; VariantName = "[No Variations]"
Add component (AddParameter): Name = "ComponentLink2Description"; Value = "Datasheet"; VariantName = "[No Variations]"
Add component (AddParameter): Name = "ComponentLink2URL"; Value = "http://www.infineon.com/dgdl/TLE4913_Data_Sheet_2006_03_16.pdf?folderId=db3a30431689f4420116a096e1db033e&fileId=db3a304316f66ee80117544449e10647"; VariantName = "[No Variations]"
Add component (AddParameter): Name = "ComponentLink3Description"; Value = "Package Specification"; VariantName = "[No Variations]"
Add component (AddParameter): Name = "ComponentLink3URL"; Value = "http://www.infineon.com/dgdl/SC59-Package_Overview.pdf?folderId=db3a30431936bc4b01194dc0d34440b0&fileId=db3a30431936bc4b01194dd1aa1d40cf"; VariantName = "[No Variations]"
Add component (AddParameter): Name = "DatasheetVersion"; Value = "Rev. 2.2"; VariantName = "[No Variations]"
Add component (AddParameter): Name = "Direction Detection"; Value = "FALSE"; VariantName = "[No Variations]"
Add component (AddParameter): Name = "Green"; Value = "TRUE"; VariantName = "[No Variations]"
Add component (AddParameter): Name = "Interface"; Value = "open collector"; VariantName = "[No Variations]"
Add component (AddParameter): Name = "Manufacturer"; Value = "Infineon"; VariantName = "[No Variations]"
Add component (AddParameter): Name = "Mounting Technology"; Value = "Surface Mount"; VariantName = "[No Variations]"
Add component (AddParameter): Name = "PackageDescription"; Value = "3-Pin Semiconductor Package, 3 x 1.53 mm Body, 0.95 mm Pitch"; VariantName = "[No Variations]"
Add component (AddParameter): Name = "PackageReference"; Value = "PG-SC59"; VariantName = "[No Variations]"
Add component (AddParameter): Name = "PackageVersion"; Value = "Mar-08"; VariantName = "[No Variations]"
Add component (AddParameter): Name = "Packing"; Value = "Reel"; VariantName = "[No Variations]"
Add component (AddParameter): Name = "PartNumber"; Value = "TLE4913"; VariantName = "[No Variations]"
Add component (AddParameter): Name = "Target Application"; Value = "Consumer, Mobile (Low power)"; VariantName = "[No Variations]"
Add component (AddParameter): Name = "Type"; Value = "Omnipolar Switch"; VariantName = "[No Variations]"
Added Member To Class: ClassName=hall_strip Member=Component U? TLE4913
