Added Component: Designator=U?(DIOD-SC59-3_L)
Add component. Clean all parameters for all variants
Add component (AddParameter): Name = "Category"; Value = "Sensors,Transducers"; VariantName = "[No Variations]"
Add component (AddParameter): Name = "Current - Output (Max)"; Value = "10mA"; VariantName = "[No Variations]"
Add component (AddParameter): Name = "Current - Supply (Max)"; Value = "10µA"; VariantName = "[No Variations]"
Add component (AddParameter): Name = "Datasheet URL"; Value = "https://datasheet.ciiva.com/15099/getdatasheetpartid-319419-15099476.pdf"; VariantName = "[No Variations]"
Add component (AddParameter): Name = "Datasheet Version"; Value = "Rev. 8, 11/2009"; VariantName = "[No Variations]"
Add component (AddParameter): Name = "EDA / CAD Models"; Value = "DownloadfromAcceleratedDesigns"; VariantName = "[No Variations]"
Add component (AddParameter): Name = "Family"; Value = "MagneticSensors-Switches(SolidState)"; VariantName = "[No Variations]"
Add component (AddParameter): Name = "Function"; Value = "UnipolarSwitch"; VariantName = "[No Variations]"
Add component (AddParameter): Name = "Manufacturer"; Value = "Diodes Inc"; VariantName = "[No Variations]"
Add component (AddParameter): Name = "Manufacturer URL"; Value = "http://www.diodes.com/"; VariantName = "[No Variations]"
Add component (AddParameter): Name = "Mounting Technology"; Value = "SurfaceMount"; VariantName = "[No Variations]"
Add component (AddParameter): Name = "Online Catalog"; Value = "AH182andAH183"; VariantName = "[No Variations]"
Add component (AddParameter): Name = "Operating Temperature"; Value = "-40°C~85°C(TA)"; VariantName = "[No Variations]"
Add component (AddParameter): Name = "Other Names"; Value = "AH182-WG-7DITR
AH182WG7"; VariantName = "[No Variations]"
Add component (AddParameter): Name = "Output Type"; Value = "OpenDrain"; VariantName = "[No Variations]"
Add component (AddParameter): Name = "Package / Case"; Value = "TO-236-3,SC-59,SOT-23-3"; VariantName = "[No Variations]"
Add component (AddParameter): Name = "Package Description"; Value = "3-Pin Small Outline Transistor, Body 3 x 1.6 mm, Pitch 0.95 mm"; VariantName = "[No Variations]"
Add component (AddParameter): Name = "Package Reference"; Value = "SC59"; VariantName = "[No Variations]"
Add component (AddParameter): Name = "Packaging"; Value = "Tape&Reel(TR)"; VariantName = "[No Variations]"
Add component (AddParameter): Name = "Polarization"; Value = "NorthPole"; VariantName = "[No Variations]"
Add component (AddParameter): Name = "RoHS Information"; Value = "RoHSCertofCompliance"; VariantName = "[No Variations]"
Add component (AddParameter): Name = "Sensing Range"; Value = "-6mTTrip,1mTRelease"; VariantName = "[No Variations]"
Add component (AddParameter): Name = "Standard Package"; Value = "3,000"; VariantName = "[No Variations]"
Add component (AddParameter): Name = "Supplier Device Package"; Value = "SC-59-3"; VariantName = "[No Variations]"
Add component (AddParameter): Name = "Technology"; Value = "HallEffect"; VariantName = "[No Variations]"
Add component (AddParameter): Name = "Test Condition"; Value = "25°C"; VariantName = "[No Variations]"
Add component (AddParameter): Name = "Voltage - Supply"; Value = "2.5V~5.5V"; VariantName = "[No Variations]"
Added Member To Class: ClassName=hall_strip Member=Component U? AH182-WG-7
