Removed Member From Class: ClassName=HALL_R[1..16] Member=HALL_R1
Removed Member From Class: ClassName=HALL_R[1..16] Member=HALL_R2
Removed Member From Class: ClassName=HALL_R[1..16] Member=HALL_R3
Removed Member From Class: ClassName=HALL_R[1..16] Member=HALL_R4
Removed Member From Class: ClassName=HALL_R[1..16] Member=HALL_R5
Removed Member From Class: ClassName=HALL_R[1..16] Member=HALL_R6
Removed Member From Class: ClassName=HALL_R[1..16] Member=HALL_R7
Removed Member From Class: ClassName=HALL_R[1..16] Member=HALL_R8
Removed Member From Class: ClassName=HALL_R[1..16] Member=HALL_R9
Removed Member From Class: ClassName=HALL_R[1..16] Member=HALL_R10
Removed Member From Class: ClassName=HALL_R[1..16] Member=HALL_R11
Removed Member From Class: ClassName=HALL_R[1..16] Member=HALL_R12
Removed Member From Class: ClassName=HALL_R[1..16] Member=HALL_R13
Removed Member From Class: ClassName=HALL_R[1..16] Member=HALL_R14
Removed Member From Class: ClassName=HALL_R[1..16] Member=HALL_R15
Added Pin To Net: NetName=HALL_R16 Pin=J1-4
Added Pin To Net: NetName=HALL_R16 Pin=R2-1
Added Pin To Net: NetName=HALL_R16 Pin=U1_HALL_R17-2
Added Pin To Net: NetName=HALL_R16 Pin=U1_HALL_R18-2
Added Pin To Net: NetName=HALL_R16 Pin=U1_HALL_R19-2
Added Pin To Net: NetName=HALL_R16 Pin=U1_HALL_R20-2
Added Pin To Net: NetName=HALL_R16 Pin=U1_HALL_R21-2
Added Pin To Net: NetName=HALL_R16 Pin=U1_HALL_R22-2
Added Pin To Net: NetName=HALL_R16 Pin=U1_HALL_R23-2
Added Pin To Net: NetName=HALL_R16 Pin=U1_HALL_R24-2
Added Pin To Net: NetName=HALL_R16 Pin=U1_HALL_R25-2
Added Pin To Net: NetName=HALL_R16 Pin=U1_HALL_R26-2
Added Pin To Net: NetName=HALL_R16 Pin=U1_HALL_R27-2
Added Pin To Net: NetName=HALL_R16 Pin=U1_HALL_R28-2
Added Pin To Net: NetName=HALL_R16 Pin=U1_HALL_R29-2
Added Pin To Net: NetName=HALL_R16 Pin=U1_HALL_R30-2
Added Pin To Net: NetName=HALL_R16 Pin=U1_HALL_R31-2
Added Pin To Net: NetName=HALL_R16 Pin=U3-2
