Removed Pin From Net: NetName=+3V3 Pin=J1-A1
Removed Pin From Net: NetName=+3V3 Pin=J1-A2
Removed Pin From Net: NetName=+3V3 Pin=J1-B1
Removed Pin From Net: NetName=+3V3 Pin=J1-B2
Removed Pin From Net: NetName=+3V3 Pin=J1-C1
Removed Pin From Net: NetName=+3V3 Pin=J1-C2
Removed Pin From Net: NetName=+3V3 Pin=J1-D1
Removed Pin From Net: NetName=+3V3 Pin=J1-D2
Removed Pin From Net: NetName=+3V3 Pin=J1-E1
Removed Pin From Net: NetName=+3V3 Pin=J1-E2
Removed Pin From Net: NetName=+3V3 Pin=J1-F1
Removed Pin From Net: NetName=+3V3 Pin=J1-F2
Removed Pin From Net: NetName=+3V3 Pin=J1-G1
Removed Pin From Net: NetName=+3V3 Pin=J1-G2
Removed Pin From Net: NetName=+3V3 Pin=J1-H1
Removed Pin From Net: NetName=+3V3 Pin=J1-H2
Removed Pin From Net: NetName=GND Pin=U3-2
Removed Pin From Net: NetName=GND Pin=U3-3
Removed Pin From Net: NetName=HALL1 Pin=U3-4
Removed Pin From Net: NetName=HALL2 Pin=U3-5
Removed Pin From Net: NetName=HALL3 Pin=U3-6
Removed Pin From Net: NetName=HALL4 Pin=U3-7
Removed Pin From Net: NetName=HALL5 Pin=U3-8
Removed Pin From Net: NetName=HALL6 Pin=U3-9
Removed Pin From Net: NetName=HALL7 Pin=U3-10
Removed Pin From Net: NetName=HALL8 Pin=U3-11
Removed Pin From Net: NetName=GND Pin=U3-12
Removed Pin From Net: NetName=HALL9 Pin=U3-13
Removed Pin From Net: NetName=HALL10 Pin=U3-14
Removed Pin From Net: NetName=HALL11 Pin=U3-15
Removed Pin From Net: NetName=HALL12 Pin=U3-16
Removed Pin From Net: NetName=HALL13 Pin=U3-17
Removed Pin From Net: NetName=HALL14 Pin=U3-18
Removed Pin From Net: NetName=HALL15 Pin=U3-19
Removed Pin From Net: NetName=HALL16 Pin=U3-20
Removed Pin From Net: NetName=GND Pin=U3-21
Removed Pin From Net: NetName=I2C SCL Pin=U3-22
Removed Pin From Net: NetName=I2C SDA Pin=U3-23
Removed Pin From Net: NetName=+3V3 Pin=U3-24
Change Component DesignItemId : Designator=U3 Old DesignItemId=CMP-0314-00068-2 New DesignItemId=CMP-0314-00040-1
Change Component Footprint: Designator=U3 Old Footprint=DW0024A_L New Footprint=RGE24-2100X2100TP
Change Component Comment : Designator=U3 Old Comment=PCA9555DWR New Comment=PCA9555RGERG4
Change Component Description : Designator=U3 Old Description=Remote 16-Bit I2C and SMBus I/O Expander with Interrupt Output and Configuration Registers, 2.3 to 5.5 V, -40 to 85 degC, 24-pin SOIC (DW), Green (RoHS & no Sb/Br) New Description=Remote 16-Bit I2C and SMBus I/O Expander with Interrupt Output and Configuration Registers, 2.3 to 5.5 V, -40 to 85 degC, 24-pin VQFN (RGE), Green (RoHS & no Sb/Br)
Change component parameters: Designator = "U3"; Footprint = "RGE24-2100X2100TP"; UniqueID = "\QRYDTXNR\YDJZWXBC"
Change component parameters. Clean all parameters for all variants
Change component parameters (AddParameter): Name = "# of I/Os"; Value = "16"; VariantName = "[No Variations]"
Change component parameters (AddParameter): Name = "5V Tolerant I/O"; Value = "Yes"; VariantName = "[No Variations]"
Change component parameters (AddParameter): Name = "Code_JEDEC"; Value = "MO-220"; VariantName = "[No Variations]"
Change component parameters (AddParameter): Name = "ComponentLink1Description"; Value = "Datasheet"; VariantName = "[No Variations]"
Change component parameters (AddParameter): Name = "ComponentLink1URL"; Value = "http://www.ti.com/general/docs/lit/getliterature.tsp?genericPartNumber=PCA9555&fileType=pdf"; VariantName = "[No Variations]"
Change component parameters (AddParameter): Name = "ComponentLink2Description"; Value = "Package Specification"; VariantName = "[No Variations]"
Change component parameters (AddParameter): Name = "ComponentLink2URL"; Value = "http://www.ti.com/litv/pdf/mpds211a"; VariantName = "[No Variations]"
Change component parameters (AddParameter): Name = "Configuration Registers"; Value = "Yes"; VariantName = "[No Variations]"
Change component parameters (AddParameter): Name = "DatasheetVersion"; Value = "SCPS131E"; VariantName = "[No Variations]"
Change component parameters (AddParameter): Name = "Eco-Plan"; Value = "Green (RoHS & no Sb/Br)"; VariantName = "[No Variations]"
Change component parameters (AddParameter): Name = "fSCLK(Max)(MHz)"; Value = "400"; VariantName = "[No Variations]"
Change component parameters (AddParameter): Name = "I2C Address"; Value = "0100 xxx"; VariantName = "[No Variations]"
Change component parameters (AddParameter): Name = "Interrupt Output"; Value = "Yes"; VariantName = "[No Variations]"
Change component parameters (AddParameter): Name = "Manufacturer"; Value = "Texas Instruments"; VariantName = "[No Variations]"
Change component parameters (AddParameter): Name = "Max Frequency(kHz)"; Value = "400"; VariantName = "[No Variations]"
Change component parameters (AddParameter): Name = "Mounting Technology"; Value = "Surface Mount"; VariantName = "[No Variations]"
Change component parameters (AddParameter): Name = "No. of Outputs"; Value = "2"; VariantName = "[No Variations]"
Change component parameters (AddParameter): Name = "PackageDescription"; Value = "24-Pin Plastic Quad Flatpack No-Lead, 4 x 4 mm Body, 0.5 mm Pitch"; VariantName = "[No Variations]"
Change component parameters (AddParameter): Name = "PackageReference"; Value = "RGE24-2100X2100TP"; VariantName = "[No Variations]"
Change component parameters (AddParameter): Name = "PackageVersion"; Value = "revG, Jul-2011"; VariantName = "[No Variations]"
Change component parameters (AddParameter): Name = "PartNumber"; Value = "PCA9555RGERG4"; VariantName = "[No Variations]"
Change component parameters (AddParameter): Name = "Push-Pull I/O Type"; Value = "Yes"; VariantName = "[No Variations]"
Change component parameters (AddParameter): Name = "SubFamily"; Value = "I2C IO Expander"; VariantName = "[No Variations]"
Change component parameters (AddParameter): Name = "VCC(Max)(V)"; Value = "5.5"; VariantName = "[No Variations]"
Change component parameters (AddParameter): Name = "VCC(Min)(V)"; Value = "2.3"; VariantName = "[No Variations]"
Change component parameters (AddParameter): Name = "Vcc range(V)"; Value = "2.3 to 5.5"; VariantName = "[No Variations]"
Added Pin To Net: NetName=+5 Pin=J1-A1
Added Pin To Net: NetName=+5 Pin=J1-A2
Added Pin To Net: NetName=+5 Pin=J1-B1
Added Pin To Net: NetName=+5 Pin=J1-B2
Added Pin To Net: NetName=+5 Pin=J1-C1
Added Pin To Net: NetName=+5 Pin=J1-C2
Added Pin To Net: NetName=+5 Pin=J1-D1
Added Pin To Net: NetName=+5 Pin=J1-D2
Added Pin To Net: NetName=+5 Pin=J1-E1
Added Pin To Net: NetName=+5 Pin=J1-E2
Added Pin To Net: NetName=+5 Pin=J1-F1
Added Pin To Net: NetName=+5 Pin=J1-F2
Added Pin To Net: NetName=+5 Pin=J1-G1
Added Pin To Net: NetName=+5 Pin=J1-G2
Added Pin To Net: NetName=+5 Pin=J1-H1
Added Pin To Net: NetName=+5 Pin=J1-H2
Added Pin To Net: NetName=HALL1 Pin=U3-1
Added Pin To Net: NetName=HALL2 Pin=U3-2
Added Pin To Net: NetName=HALL3 Pin=U3-3
Added Pin To Net: NetName=HALL4 Pin=U3-4
Added Pin To Net: NetName=HALL5 Pin=U3-5
Added Pin To Net: NetName=HALL6 Pin=U3-6
Added Pin To Net: NetName=HALL7 Pin=U3-7
Added Pin To Net: NetName=HALL8 Pin=U3-8
Added Pin To Net: NetName=GND Pin=U3-9
Added Pin To Net: NetName=HALL9 Pin=U3-10
Added Pin To Net: NetName=HALL10 Pin=U3-11
Added Pin To Net: NetName=HALL11 Pin=U3-12
Added Pin To Net: NetName=HALL12 Pin=U3-13
Added Pin To Net: NetName=HALL13 Pin=U3-14
Added Pin To Net: NetName=HALL14 Pin=U3-15
Added Pin To Net: NetName=HALL15 Pin=U3-16
Added Pin To Net: NetName=HALL16 Pin=U3-17
Added Pin To Net: NetName=GND Pin=U3-18
Added Pin To Net: NetName=I2C SCL Pin=U3-19
Added Pin To Net: NetName=I2C SDA Pin=U3-20
Added Pin To Net: NetName=+3V3 Pin=U3-21
Added Pin To Net: NetName=GND Pin=U3-23
Added Pin To Net: NetName=GND Pin=U3-24
Added Pin To Net: NetName=GND Pin=U3-25
Added Member To Class: ClassName=U_RPI Hat ID Member=Component R1 3.9K
