Removed Member From Class: ClassName=U_RPI 3 Member=J1
Added Component: Designator=C7(CAPC1608X87X35NL15T15)
Add component. Clean all parameters for all variants
Add component (AddParameter): Name = "Manufacturer"; Value = "Kemet"; VariantName = "[No Variations]"
Add component (AddParameter): Name = "Part Number"; Value = "C0603X104K5RACTU"; VariantName = "[No Variations]"
Added Component: Designator=C8(CAPC1608X87X35NL15T15)
Add component. Clean all parameters for all variants
Add component (AddParameter): Name = "Manufacturer"; Value = "Kemet"; VariantName = "[No Variations]"
Add component (AddParameter): Name = "Part Number"; Value = "C0603X104K5RACTU"; VariantName = "[No Variations]"
Added Component: Designator=R6(RESC1608X55X30ML15T15)
Add component. Clean all parameters for all variants
Add component (AddParameter): Name = "Manufacturer"; Value = "Panasonic"; VariantName = "[No Variations]"
Add component (AddParameter): Name = "Part Number"; Value = "ERJ-3EKF1001V"; VariantName = "[No Variations]"
Added Component: Designator=R7(RESC1608X55X30ML15T15)
Add component. Clean all parameters for all variants
Add component (AddParameter): Name = "Manufacturer"; Value = "Panasonic"; VariantName = "[No Variations]"
Add component (AddParameter): Name = "Part Number"; Value = "ERJ-3EKF1001V"; VariantName = "[No Variations]"
Added Component: Designator=U3(DW0024A_L)
Add component. Clean all parameters for all variants
Add component (AddParameter): Name = "# of I/Os"; Value = "16"; VariantName = "[No Variations]"
Add component (AddParameter): Name = "5V Tolerant I/O"; Value = "Yes"; VariantName = "[No Variations]"
Add component (AddParameter): Name = "Channel Width"; Value = ""; VariantName = "[No Variations]"
Add component (AddParameter): Name = "Code_JEDEC"; Value = "MS-013AD"; VariantName = "[No Variations]"
Add component (AddParameter): Name = "ComponentLink1Description"; Value = "Datasheet"; VariantName = "[No Variations]"
Add component (AddParameter): Name = "ComponentLink1URL"; Value = "http://www.ti.com/general/docs/lit/getliterature.tsp?genericPartNumber=PCA9555&fileType=pdf"; VariantName = "[No Variations]"
Add component (AddParameter): Name = "ComponentLink2Description"; Value = "Package Specification"; VariantName = "[No Variations]"
Add component (AddParameter): Name = "ComponentLink2URL"; Value = "http://www.ti.com/litv/pdf/mpds174a"; VariantName = "[No Variations]"
Add component (AddParameter): Name = "Configuration Registers"; Value = "Yes"; VariantName = "[No Variations]"
Add component (AddParameter): Name = "DatasheetVersion"; Value = "SCPS131E"; VariantName = "[No Variations]"
Add component (AddParameter): Name = "Eco-Plan"; Value = "Green (RoHS & no Sb/Br)"; VariantName = "[No Variations]"
Add component (AddParameter): Name = "Enable Pin"; Value = ""; VariantName = "[No Variations]"
Add component (AddParameter): Name = "EXP Pin"; Value = ""; VariantName = "[No Variations]"
Add component (AddParameter): Name = "fSCLK(Max)(MHz)"; Value = "400"; VariantName = "[No Variations]"
Add component (AddParameter): Name = "Function"; Value = ""; VariantName = "[No Variations]"
Add component (AddParameter): Name = "I2C Address"; Value = "0100 xxx"; VariantName = "[No Variations]"
Add component (AddParameter): Name = "Interrupt Output"; Value = "Yes"; VariantName = "[No Variations]"
Add component (AddParameter): Name = "Low Power"; Value = ""; VariantName = "[No Variations]"
Add component (AddParameter): Name = "Manufacturer"; Value = "Texas Instruments"; VariantName = "[No Variations]"
Add component (AddParameter): Name = "Master Side I2C Bus Capacitance Supported(pF)"; Value = ""; VariantName = "[No Variations]"
Add component (AddParameter): Name = "Max Frequency(kHz)"; Value = "400"; VariantName = "[No Variations]"
Add component (AddParameter): Name = "Mounting Technology"; Value = "Surface Mount"; VariantName = "[No Variations]"
Add component (AddParameter): Name = "No. of Outputs"; Value = "2"; VariantName = "[No Variations]"
Add component (AddParameter): Name = "On-Chip Power-on-Reset"; Value = ""; VariantName = "[No Variations]"
Add component (AddParameter): Name = "Open Drain I/O Type"; Value = ""; VariantName = "[No Variations]"
Add component (AddParameter): Name = "PackageDescription"; Value = "24-Pin Plastic Small Outline Integrated Circuit, 15.4 x 7.5 mm, Pitch 1.27 mm Pitch"; VariantName = "[No Variations]"
Add component (AddParameter): Name = "PackageReference"; Value = "DW0024A"; VariantName = "[No Variations]"
Add component (AddParameter): Name = "PackageVersion"; Value = "revG, Jan-2011"; VariantName = "[No Variations]"
Add component (AddParameter): Name = "PartNumber"; Value = "PCA9555DWR"; VariantName = "[No Variations]"
Add component (AddParameter): Name = "Push-Pull I/O Type"; Value = "Yes"; VariantName = "[No Variations]"
Add component (AddParameter): Name = "Rating"; Value = ""; VariantName = "[No Variations]"
Add component (AddParameter): Name = "Reset Input"; Value = ""; VariantName = "[No Variations]"
Add component (AddParameter): Name = "Simultaneously Active Channels"; Value = ""; VariantName = "[No Variations]"
Add component (AddParameter): Name = "Slave Side I2C Bus Capacitance Supported(pF)"; Value = ""; VariantName = "[No Variations]"
Add component (AddParameter): Name = "SubFamily"; Value = "I2C IO Expander"; VariantName = "[No Variations]"
Add component (AddParameter): Name = "Technology Family"; Value = ""; VariantName = "[No Variations]"
Add component (AddParameter): Name = "tpd max(ns)"; Value = ""; VariantName = "[No Variations]"
Add component (AddParameter): Name = "VCC(Max)(V)"; Value = "5.5"; VariantName = "[No Variations]"
Add component (AddParameter): Name = "VCC(Min)(V)"; Value = "2.3"; VariantName = "[No Variations]"
Add component (AddParameter): Name = "Vcc range(V)"; Value = "2.3 to 5.5"; VariantName = "[No Variations]"
Add component (AddParameter): Name = "Voltage Nodes(V)"; Value = ""; VariantName = "[No Variations]"
Added Component: Designator=U4(DW0024A_L)
Add component. Clean all parameters for all variants
Add component (AddParameter): Name = "# of I/Os"; Value = "16"; VariantName = "[No Variations]"
Add component (AddParameter): Name = "5V Tolerant I/O"; Value = "Yes"; VariantName = "[No Variations]"
Add component (AddParameter): Name = "Channel Width"; Value = ""; VariantName = "[No Variations]"
Add component (AddParameter): Name = "Code_JEDEC"; Value = "MS-013AD"; VariantName = "[No Variations]"
Add component (AddParameter): Name = "ComponentLink1Description"; Value = "Datasheet"; VariantName = "[No Variations]"
Add component (AddParameter): Name = "ComponentLink1URL"; Value = "http://www.ti.com/general/docs/lit/getliterature.tsp?genericPartNumber=PCA9555&fileType=pdf"; VariantName = "[No Variations]"
Add component (AddParameter): Name = "ComponentLink2Description"; Value = "Package Specification"; VariantName = "[No Variations]"
Add component (AddParameter): Name = "ComponentLink2URL"; Value = "http://www.ti.com/litv/pdf/mpds174a"; VariantName = "[No Variations]"
Add component (AddParameter): Name = "Configuration Registers"; Value = "Yes"; VariantName = "[No Variations]"
Add component (AddParameter): Name = "DatasheetVersion"; Value = "SCPS131E"; VariantName = "[No Variations]"
Add component (AddParameter): Name = "Eco-Plan"; Value = "Green (RoHS & no Sb/Br)"; VariantName = "[No Variations]"
Add component (AddParameter): Name = "Enable Pin"; Value = ""; VariantName = "[No Variations]"
Add component (AddParameter): Name = "EXP Pin"; Value = ""; VariantName = "[No Variations]"
Add component (AddParameter): Name = "fSCLK(Max)(MHz)"; Value = "400"; VariantName = "[No Variations]"
Add component (AddParameter): Name = "Function"; Value = ""; VariantName = "[No Variations]"
Add component (AddParameter): Name = "I2C Address"; Value = "0100 xxx"; VariantName = "[No Variations]"
Add component (AddParameter): Name = "Interrupt Output"; Value = "Yes"; VariantName = "[No Variations]"
Add component (AddParameter): Name = "Low Power"; Value = ""; VariantName = "[No Variations]"
Add component (AddParameter): Name = "Manufacturer"; Value = "Texas Instruments"; VariantName = "[No Variations]"
Add component (AddParameter): Name = "Master Side I2C Bus Capacitance Supported(pF)"; Value = ""; VariantName = "[No Variations]"
Add component (AddParameter): Name = "Max Frequency(kHz)"; Value = "400"; VariantName = "[No Variations]"
Add component (AddParameter): Name = "Mounting Technology"; Value = "Surface Mount"; VariantName = "[No Variations]"
Add component (AddParameter): Name = "No. of Outputs"; Value = "2"; VariantName = "[No Variations]"
Add component (AddParameter): Name = "On-Chip Power-on-Reset"; Value = ""; VariantName = "[No Variations]"
Add component (AddParameter): Name = "Open Drain I/O Type"; Value = ""; VariantName = "[No Variations]"
Add component (AddParameter): Name = "PackageDescription"; Value = "24-Pin Plastic Small Outline Integrated Circuit, 15.4 x 7.5 mm, Pitch 1.27 mm Pitch"; VariantName = "[No Variations]"
Add component (AddParameter): Name = "PackageReference"; Value = "DW0024A"; VariantName = "[No Variations]"
Add component (AddParameter): Name = "PackageVersion"; Value = "revG, Jan-2011"; VariantName = "[No Variations]"
Add component (AddParameter): Name = "PartNumber"; Value = "PCA9555DWR"; VariantName = "[No Variations]"
Add component (AddParameter): Name = "Push-Pull I/O Type"; Value = "Yes"; VariantName = "[No Variations]"
Add component (AddParameter): Name = "Rating"; Value = ""; VariantName = "[No Variations]"
Add component (AddParameter): Name = "Reset Input"; Value = ""; VariantName = "[No Variations]"
Add component (AddParameter): Name = "Simultaneously Active Channels"; Value = ""; VariantName = "[No Variations]"
Add component (AddParameter): Name = "Slave Side I2C Bus Capacitance Supported(pF)"; Value = ""; VariantName = "[No Variations]"
Add component (AddParameter): Name = "SubFamily"; Value = "I2C IO Expander"; VariantName = "[No Variations]"
Add component (AddParameter): Name = "Technology Family"; Value = ""; VariantName = "[No Variations]"
Add component (AddParameter): Name = "tpd max(ns)"; Value = ""; VariantName = "[No Variations]"
Add component (AddParameter): Name = "VCC(Max)(V)"; Value = "5.5"; VariantName = "[No Variations]"
Add component (AddParameter): Name = "VCC(Min)(V)"; Value = "2.3"; VariantName = "[No Variations]"
Add component (AddParameter): Name = "Vcc range(V)"; Value = "2.3 to 5.5"; VariantName = "[No Variations]"
Add component (AddParameter): Name = "Voltage Nodes(V)"; Value = ""; VariantName = "[No Variations]"
Added Pin To Net: NetName=+3V3 Pin=C7-1
Added Pin To Net: NetName=GND Pin=C7-2
Added Pin To Net: NetName=+3V3 Pin=C8-1
Added Pin To Net: NetName=GND Pin=C8-2
Added Pin To Net: NetName=+3V3 Pin=J1-A1
Added Pin To Net: NetName=+3V3 Pin=J1-A2
Added Pin To Net: NetName=GND Pin=J1-A5
Added Pin To Net: NetName=GND Pin=J1-A6
Added Pin To Net: NetName=+3V3 Pin=J1-B1
Added Pin To Net: NetName=+3V3 Pin=J1-B2
Added Pin To Net: NetName=GND Pin=J1-B5
Added Pin To Net: NetName=GND Pin=J1-B6
Added Pin To Net: NetName=+3V3 Pin=J1-C1
Added Pin To Net: NetName=+3V3 Pin=J1-C2
Added Pin To Net: NetName=GND Pin=J1-C5
Added Pin To Net: NetName=GND Pin=J1-C6
Added Pin To Net: NetName=+3V3 Pin=J1-D1
Added Pin To Net: NetName=+3V3 Pin=J1-D2
Added Pin To Net: NetName=GND Pin=J1-D5
Added Pin To Net: NetName=GND Pin=J1-D6
Added Pin To Net: NetName=+3V3 Pin=J1-E1
Added Pin To Net: NetName=+3V3 Pin=J1-E2
Added Pin To Net: NetName=GND Pin=J1-E5
Added Pin To Net: NetName=GND Pin=J1-E6
Added Pin To Net: NetName=+3V3 Pin=J1-F1
Added Pin To Net: NetName=+3V3 Pin=J1-F2
Added Pin To Net: NetName=GND Pin=J1-F5
Added Pin To Net: NetName=GND Pin=J1-F6
Added Pin To Net: NetName=+3V3 Pin=J1-G1
Added Pin To Net: NetName=+3V3 Pin=J1-G2
Added Pin To Net: NetName=GND Pin=J1-G5
Added Pin To Net: NetName=GND Pin=J1-G6
Added Pin To Net: NetName=+3V3 Pin=J1-H1
Added Pin To Net: NetName=+3V3 Pin=J1-H2
Added Pin To Net: NetName=GND Pin=J1-H5
Added Pin To Net: NetName=GND Pin=J1-H6
Added Pin To Net: NetName=GND Pin=J1-S1
Added Pin To Net: NetName=GND Pin=J1-S2
Added Pin To Net: NetName=GND Pin=J1-S3
Added Pin To Net: NetName=GND Pin=J1-S4
Added Pin To Net: NetName=GND Pin=J1-S5
Added Pin To Net: NetName=GND Pin=J1-S6
Added Pin To Net: NetName=I2C SCL Pin=R6-1
Added Pin To Net: NetName=+3V3 Pin=R6-2
Added Pin To Net: NetName=I2C SDA Pin=R7-1
Added Pin To Net: NetName=+3V3 Pin=R7-2
Added Pin To Net: NetName=GND Pin=U3-2
Added Pin To Net: NetName=GND Pin=U3-3
Added Pin To Net: NetName=GND Pin=U3-12
Added Pin To Net: NetName=GND Pin=U3-21
Added Pin To Net: NetName=I2C SCL Pin=U3-22
Added Pin To Net: NetName=I2C SDA Pin=U3-23
Added Pin To Net: NetName=+3V3 Pin=U3-24
Added Pin To Net: NetName=GND Pin=U4-2
Added Pin To Net: NetName=+3V3 Pin=U4-3
Added Pin To Net: NetName=GND Pin=U4-12
Added Pin To Net: NetName=GND Pin=U4-21
Added Pin To Net: NetName=I2C SCL Pin=U4-22
Added Pin To Net: NetName=I2C SDA Pin=U4-23
Added Pin To Net: NetName=+3V3 Pin=U4-24
Added Pin To Net: NetName=GPIO1 Pin=J1-A7
Added Net: Name=GPIO1
Added Pin To Net: NetName=GPIO2 Pin=J1-A8
Added Net: Name=GPIO2
Added Pin To Net: NetName=GPIO3 Pin=J1-B7
Added Net: Name=GPIO3
Added Pin To Net: NetName=GPIO4 Pin=J1-B8
Added Net: Name=GPIO4
Added Pin To Net: NetName=GPIO5 Pin=J1-C7
Added Net: Name=GPIO5
Added Pin To Net: NetName=GPIO6 Pin=J1-C8
Added Net: Name=GPIO6
Added Pin To Net: NetName=GPIO7 Pin=J1-D7
Added Net: Name=GPIO7
Added Pin To Net: NetName=GPIO8 Pin=J1-D8
Added Net: Name=GPIO8
Added Pin To Net: NetName=GPIO9 Pin=J1-E7
Added Net: Name=GPIO9
Added Pin To Net: NetName=GPIO10 Pin=J1-E8
Added Net: Name=GPIO10
Added Pin To Net: NetName=GPIO11 Pin=J1-F7
Added Net: Name=GPIO11
Added Pin To Net: NetName=GPIO12 Pin=J1-F8
Added Net: Name=GPIO12
Added Pin To Net: NetName=GPIO13 Pin=U4-17
Added Net: Name=GPIO13
Added Pin To Net: NetName=GPIO14 Pin=U4-18
Added Net: Name=GPIO14
Added Pin To Net: NetName=GPIO15 Pin=U4-19
Added Net: Name=GPIO15
Added Pin To Net: NetName=GPIO16 Pin=U4-20
Added Net: Name=GPIO16
Added Pin To Net: NetName=HALL1 Pin=J1-A3
Added Net: Name=HALL1
Added Pin To Net: NetName=HALL2 Pin=J1-A4
Added Net: Name=HALL2
Added Pin To Net: NetName=HALL3 Pin=J1-B3
Added Net: Name=HALL3
Added Pin To Net: NetName=HALL4 Pin=J1-B4
Added Net: Name=HALL4
Added Pin To Net: NetName=HALL5 Pin=J1-C3
Added Net: Name=HALL5
Added Pin To Net: NetName=HALL6 Pin=J1-C4
Added Net: Name=HALL6
Added Pin To Net: NetName=HALL7 Pin=J1-D3
Added Net: Name=HALL7
Added Pin To Net: NetName=HALL8 Pin=J1-D4
Added Net: Name=HALL8
Added Pin To Net: NetName=HALL9 Pin=J1-E3
Added Net: Name=HALL9
Added Pin To Net: NetName=HALL10 Pin=J1-E4
Added Net: Name=HALL10
Added Pin To Net: NetName=HALL11 Pin=J1-F3
Added Net: Name=HALL11
Added Pin To Net: NetName=HALL12 Pin=J1-F4
Added Net: Name=HALL12
Added Pin To Net: NetName=HALL13 Pin=J1-G3
Added Net: Name=HALL13
Added Pin To Net: NetName=HALL14 Pin=J1-G4
Added Net: Name=HALL14
Added Pin To Net: NetName=HALL15 Pin=J1-H3
Added Net: Name=HALL15
Added Pin To Net: NetName=HALL16 Pin=J1-H4
Added Net: Name=HALL16
Added Class: Name=U_IO_Connector
Added Class: Name=U_IO
Added Class: Name=GPIO[1..16]
Added Class: Name=HALL[1..16]
Added Room: Name=U_IO
Added Room: Name=U_IO_Connector
