Removed Pin From Net: NetName=GPIO1 Pin=U3-10
Removed Pin From Net: NetName=GPIO2 Pin=U3-11
Removed Pin From Net: NetName=GPIO3 Pin=U3-12
Removed Pin From Net: NetName=GPIO4 Pin=U3-13
Removed Pin From Net: NetName=GPIO5 Pin=U3-14
Removed Pin From Net: NetName=GPIO6 Pin=U3-15
Removed Pin From Net: NetName=GPIO7 Pin=U3-16
Removed Pin From Net: NetName=GPIO8 Pin=U3-17
Removed Member From Class: ClassName=HALL[1..16] Member=HALL1
Removed Member From Class: ClassName=HALL[1..16] Member=HALL2
Removed Member From Class: ClassName=HALL[1..16] Member=HALL3
Removed Member From Class: ClassName=HALL[1..16] Member=HALL4
Removed Member From Class: ClassName=HALL[1..16] Member=HALL5
Removed Member From Class: ClassName=HALL[1..16] Member=HALL6
Removed Member From Class: ClassName=HALL[1..16] Member=HALL7
Removed Member From Class: ClassName=HALL[1..16] Member=HALL8
Added Pin To Net: NetName=GPIO1 Pin=J1-A3
Added Pin To Net: NetName=GPIO2 Pin=J1-A4
Added Pin To Net: NetName=GPIO3 Pin=J1-B3
Added Pin To Net: NetName=GPIO4 Pin=J1-B4
Added Pin To Net: NetName=GPIO5 Pin=J1-C3
Added Pin To Net: NetName=GPIO6 Pin=J1-C4
Added Pin To Net: NetName=GPIO7 Pin=J1-D3
Added Pin To Net: NetName=GPIO8 Pin=J1-D4
Added Pin To Net: NetName=GPIO1 Pin=U3-1
Added Pin To Net: NetName=GPIO2 Pin=U3-3
Added Pin To Net: NetName=GPIO3 Pin=U3-5
Added Pin To Net: NetName=GPIO4 Pin=U3-7
Added Pin To Net: NetName=GPIO5 Pin=U3-10
Added Pin To Net: NetName=GPIO6 Pin=U3-12
Added Pin To Net: NetName=GPIO7 Pin=U3-14
Added Pin To Net: NetName=GPIO8 Pin=U3-16
Change Class Name : Old Net Name=HALL[1..16] New Net Name=HALL[9..16]
