Removed Pin From Net: NetName=GPIO1 Pin=J1-A3
Removed Pin From Net: NetName=GPIO2 Pin=J1-A4
Removed Pin From Net: NetName=GPIO3 Pin=J1-B3
Removed Pin From Net: NetName=GPIO4 Pin=J1-B4
Removed Pin From Net: NetName=GPIO5 Pin=J1-C3
Removed Pin From Net: NetName=GPIO6 Pin=J1-C4
Removed Pin From Net: NetName=GPIO7 Pin=J1-D3
Removed Pin From Net: NetName=GPIO8 Pin=J1-D4
Removed Pin From Net: NetName=GPIO1 Pin=U3-1
Removed Pin From Net: NetName=GPIO2 Pin=U3-3
Removed Pin From Net: NetName=GPIO3 Pin=U3-5
Removed Pin From Net: NetName=GPIO4 Pin=U3-7
Removed Pin From Net: NetName=GPIO5 Pin=U3-10
Removed Pin From Net: NetName=GPIO6 Pin=U3-12
Removed Pin From Net: NetName=GPIO7 Pin=U3-14
Removed Pin From Net: NetName=GPIO8 Pin=U3-16
Removed Pin From Net: NetName=HALL10 Pin=U4-2
Removed Pin From Net: NetName=HALL11 Pin=U4-3
Removed Pin From Net: NetName=HALL12 Pin=U4-4
Removed Pin From Net: NetName=HALL13 Pin=U4-5
Removed Pin From Net: NetName=HALL14 Pin=U4-6
Removed Pin From Net: NetName=HALL15 Pin=U4-7
Removed Pin From Net: NetName=HALL16 Pin=U4-8
Removed Pin From Net: NetName=GPIO9 Pin=U4-10
Removed Pin From Net: NetName=GPIO10 Pin=U4-11
Removed Pin From Net: NetName=GPIO11 Pin=U4-12
Removed Pin From Net: NetName=GPIO12 Pin=U4-13
Removed Pin From Net: NetName=GPIO13 Pin=U4-14
Removed Pin From Net: NetName=GPIO14 Pin=U4-15
Removed Pin From Net: NetName=GPIO15 Pin=U4-16
Added Pin To Net: NetName=GPIO1 Pin=U3-2
Added Pin To Net: NetName=GPIO2 Pin=U3-4
Added Pin To Net: NetName=GPIO3 Pin=U3-6
Added Pin To Net: NetName=GPIO4 Pin=U3-8
Added Pin To Net: NetName=GPIO5 Pin=U3-11
Added Pin To Net: NetName=GPIO6 Pin=U3-13
Added Pin To Net: NetName=GPIO7 Pin=U3-15
Added Pin To Net: NetName=GPIO8 Pin=U3-17
Added Pin To Net: NetName=GPIO9 Pin=U4-2
Added Pin To Net: NetName=HALL10 Pin=U4-3
Added Pin To Net: NetName=GPIO10 Pin=U4-4
Added Pin To Net: NetName=HALL11 Pin=U4-5
Added Pin To Net: NetName=GPIO11 Pin=U4-6
Added Pin To Net: NetName=HALL12 Pin=U4-7
Added Pin To Net: NetName=GPIO12 Pin=U4-8
Added Pin To Net: NetName=HALL13 Pin=U4-10
Added Pin To Net: NetName=GPIO13 Pin=U4-11
Added Pin To Net: NetName=HALL14 Pin=U4-12
Added Pin To Net: NetName=GPIO14 Pin=U4-13
Added Pin To Net: NetName=HALL15 Pin=U4-14
Added Pin To Net: NetName=GPIO15 Pin=U4-15
Added Pin To Net: NetName=HALL16 Pin=U4-16
Added Pin To Net: NetName=HALL1 Pin=J1-A3
Added Pin To Net: NetName=HALL1 Pin=U3-1
Added Net: Name=HALL1
Added Pin To Net: NetName=HALL2 Pin=J1-A4
Added Pin To Net: NetName=HALL2 Pin=U3-3
Added Net: Name=HALL2
Added Pin To Net: NetName=HALL3 Pin=J1-B3
Added Pin To Net: NetName=HALL3 Pin=U3-5
Added Net: Name=HALL3
Added Pin To Net: NetName=HALL4 Pin=J1-B4
Added Pin To Net: NetName=HALL4 Pin=U3-7
Added Net: Name=HALL4
Added Pin To Net: NetName=HALL5 Pin=J1-C3
Added Pin To Net: NetName=HALL5 Pin=U3-10
Added Net: Name=HALL5
Added Pin To Net: NetName=HALL6 Pin=J1-C4
Added Pin To Net: NetName=HALL6 Pin=U3-12
Added Net: Name=HALL6
Added Pin To Net: NetName=HALL7 Pin=J1-D3
Added Pin To Net: NetName=HALL7 Pin=U3-14
Added Net: Name=HALL7
Added Pin To Net: NetName=HALL8 Pin=J1-D4
Added Pin To Net: NetName=HALL8 Pin=U3-16
Added Net: Name=HALL8
Change Class Name : Old Net Name=HALL[9..16] New Net Name=HALL[1..16]
Added Member To Class: ClassName=HALL[1..16] Member=Element[1]: HALL
Added Member To Class: ClassName=HALL[1..16] Member=Element[2]: HALL
Added Member To Class: ClassName=HALL[1..16] Member=Element[3]: HALL
Added Member To Class: ClassName=HALL[1..16] Member=Element[4]: HALL
Added Member To Class: ClassName=HALL[1..16] Member=Element[5]: HALL
Added Member To Class: ClassName=HALL[1..16] Member=Element[6]: HALL
Added Member To Class: ClassName=HALL[1..16] Member=Element[7]: HALL
Added Member To Class: ClassName=HALL[1..16] Member=Element[8]: HALL
